<?xml version="1.0" encoding="UTF-8"?>
<testsuite xmlns:xsi="http://www.w3.org/2001/XMLSchema-instance" xsi:noNamespaceSchemaLocation="https://maven.apache.org/surefire/maven-surefire-plugin/xsd/surefire-test-report.xsd" name="com.chl.AppTest" time="0.12" tests="1" errors="0" skipped="0" failures="0">
  <properties>
    <property name="sun.desktop" value="windows"/>
    <property name="awt.toolkit" value="sun.awt.windows.WToolkit"/>
    <property name="file.encoding.pkg" value="sun.io"/>
    <property name="java.specification.version" value="1.8"/>
    <property name="sun.cpu.isalist" value="amd64"/>
    <property name="sun.jnu.encoding" value="GBK"/>
    <property name="java.class.path" value="E:\WEB\学习视频\java-miaosha\target\test-classes;E:\WEB\学习视频\java-miaosha\target\classes;E:\WEB\meavn\repository\org\springframework\boot\spring-boot-starter-web\1.5.8.RELEASE\spring-boot-starter-web-1.5.8.RELEASE.jar;E:\WEB\meavn\repository\org\springframework\boot\spring-boot-starter\1.5.8.RELEASE\spring-boot-starter-1.5.8.RELEASE.jar;E:\WEB\meavn\repository\org\springframework\boot\spring-boot\1.5.8.RELEASE\spring-boot-1.5.8.RELEASE.jar;E:\WEB\meavn\repository\org\springframework\boot\spring-boot-autoconfigure\1.5.8.RELEASE\spring-boot-autoconfigure-1.5.8.RELEASE.jar;E:\WEB\meavn\repository\org\springframework\boot\spring-boot-starter-logging\1.5.8.RELEASE\spring-boot-starter-logging-1.5.8.RELEASE.jar;E:\WEB\meavn\repository\ch\qos\logback\logback-classic\1.1.11\logback-classic-1.1.11.jar;E:\WEB\meavn\repository\ch\qos\logback\logback-core\1.1.11\logback-core-1.1.11.jar;E:\WEB\meavn\repository\org\slf4j\jcl-over-slf4j\1.7.25\jcl-over-slf4j-1.7.25.jar;E:\WEB\meavn\repository\org\slf4j\jul-to-slf4j\1.7.25\jul-to-slf4j-1.7.25.jar;E:\WEB\meavn\repository\org\slf4j\log4j-over-slf4j\1.7.25\log4j-over-slf4j-1.7.25.jar;E:\WEB\meavn\repository\org\springframework\spring-core\4.3.12.RELEASE\spring-core-4.3.12.RELEASE.jar;E:\WEB\meavn\repository\org\yaml\snakeyaml\1.17\snakeyaml-1.17.jar;E:\WEB\meavn\repository\org\springframework\boot\spring-boot-starter-tomcat\1.5.8.RELEASE\spring-boot-starter-tomcat-1.5.8.RELEASE.jar;E:\WEB\meavn\repository\org\apache\tomcat\embed\tomcat-embed-core\8.5.23\tomcat-embed-core-8.5.23.jar;E:\WEB\meavn\repository\org\apache\tomcat\tomcat-annotations-api\8.5.23\tomcat-annotations-api-8.5.23.jar;E:\WEB\meavn\repository\org\apache\tomcat\embed\tomcat-embed-websocket\8.5.23\tomcat-embed-websocket-8.5.23.jar;E:\WEB\meavn\repository\org\hibernate\hibernate-validator\5.3.5.Final\hibernate-validator-5.3.5.Final.jar;E:\WEB\meavn\repository\javax\validation\validation-api\1.1.0.Final\validation-api-1.1.0.Final.jar;E:\WEB\meavn\repository\org\jboss\logging\jboss-logging\3.3.1.Final\jboss-logging-3.3.1.Final.jar;E:\WEB\meavn\repository\com\fasterxml\classmate\1.3.4\classmate-1.3.4.jar;E:\WEB\meavn\repository\com\fasterxml\jackson\core\jackson-databind\2.8.10\jackson-databind-2.8.10.jar;E:\WEB\meavn\repository\com\fasterxml\jackson\core\jackson-annotations\2.8.0\jackson-annotations-2.8.0.jar;E:\WEB\meavn\repository\com\fasterxml\jackson\core\jackson-core\2.8.10\jackson-core-2.8.10.jar;E:\WEB\meavn\repository\org\springframework\spring-web\4.3.12.RELEASE\spring-web-4.3.12.RELEASE.jar;E:\WEB\meavn\repository\org\springframework\spring-aop\4.3.12.RELEASE\spring-aop-4.3.12.RELEASE.jar;E:\WEB\meavn\repository\org\springframework\spring-beans\4.3.12.RELEASE\spring-beans-4.3.12.RELEASE.jar;E:\WEB\meavn\repository\org\springframework\spring-context\4.3.12.RELEASE\spring-context-4.3.12.RELEASE.jar;E:\WEB\meavn\repository\org\springframework\spring-webmvc\4.3.12.RELEASE\spring-webmvc-4.3.12.RELEASE.jar;E:\WEB\meavn\repository\org\springframework\spring-expression\4.3.12.RELEASE\spring-expression-4.3.12.RELEASE.jar;E:\WEB\meavn\repository\org\springframework\boot\spring-boot-starter-thymeleaf\1.5.8.RELEASE\spring-boot-starter-thymeleaf-1.5.8.RELEASE.jar;E:\WEB\meavn\repository\org\thymeleaf\thymeleaf-spring4\2.1.5.RELEASE\thymeleaf-spring4-2.1.5.RELEASE.jar;E:\WEB\meavn\repository\org\thymeleaf\thymeleaf\2.1.5.RELEASE\thymeleaf-2.1.5.RELEASE.jar;E:\WEB\meavn\repository\ognl\ognl\3.0.8\ognl-3.0.8.jar;E:\WEB\meavn\repository\org\javassist\javassist\3.21.0-GA\javassist-3.21.0-GA.jar;E:\WEB\meavn\repository\org\unbescape\unbescape\1.1.0.RELEASE\unbescape-1.1.0.RELEASE.jar;E:\WEB\meavn\repository\org\slf4j\slf4j-api\1.7.25\slf4j-api-1.7.25.jar;E:\WEB\meavn\repository\nz\net\ultraq\thymeleaf\thymeleaf-layout-dialect\1.4.0\thymeleaf-layout-dialect-1.4.0.jar;E:\WEB\meavn\repository\org\codehaus\groovy\groovy\2.4.12\groovy-2.4.12.jar;E:\WEB\meavn\repository\org\mybatis\spring\boot\mybatis-spring-boot-starter\1.3.1\mybatis-spring-boot-starter-1.3.1.jar;E:\WEB\meavn\repository\org\springframework\boot\spring-boot-starter-jdbc\1.5.8.RELEASE\spring-boot-starter-jdbc-1.5.8.RELEASE.jar;E:\WEB\meavn\repository\org\apache\tomcat\tomcat-jdbc\8.5.23\tomcat-jdbc-8.5.23.jar;E:\WEB\meavn\repository\org\apache\tomcat\tomcat-juli\8.5.23\tomcat-juli-8.5.23.jar;E:\WEB\meavn\repository\org\springframework\spring-jdbc\4.3.12.RELEASE\spring-jdbc-4.3.12.RELEASE.jar;E:\WEB\meavn\repository\org\springframework\spring-tx\4.3.12.RELEASE\spring-tx-4.3.12.RELEASE.jar;E:\WEB\meavn\repository\org\mybatis\spring\boot\mybatis-spring-boot-autoconfigure\1.3.1\mybatis-spring-boot-autoconfigure-1.3.1.jar;E:\WEB\meavn\repository\org\mybatis\mybatis\3.4.5\mybatis-3.4.5.jar;E:\WEB\meavn\repository\org\mybatis\mybatis-spring\1.3.1\mybatis-spring-1.3.1.jar;E:\WEB\meavn\repository\mysql\mysql-connector-java\5.1.44\mysql-connector-java-5.1.44.jar;E:\WEB\meavn\repository\com\alibaba\druid\1.0.5\druid-1.0.5.jar;E:\WEB\meavn\repository\redis\clients\jedis\2.9.0\jedis-2.9.0.jar;E:\WEB\meavn\repository\org\apache\commons\commons-pool2\2.4.2\commons-pool2-2.4.2.jar;E:\WEB\meavn\repository\com\alibaba\fastjson\1.2.38\fastjson-1.2.38.jar;E:\WEB\meavn\repository\commons-codec\commons-codec\1.10\commons-codec-1.10.jar;E:\WEB\meavn\repository\org\apache\commons\commons-lang3\3.6\commons-lang3-3.6.jar;E:\WEB\meavn\repository\org\springframework\boot\spring-boot-starter-validation\1.5.8.RELEASE\spring-boot-starter-validation-1.5.8.RELEASE.jar;E:\WEB\meavn\repository\org\apache\tomcat\embed\tomcat-embed-el\8.5.23\tomcat-embed-el-8.5.23.jar;E:\WEB\meavn\repository\junit\junit\4.11\junit-4.11.jar;E:\WEB\meavn\repository\org\hamcrest\hamcrest-core\1.3\hamcrest-core-1.3.jar;E:\WEB\meavn\repository\org\projectlombok\lombok\1.18.8\lombok-1.18.8.jar;"/>
    <property name="java.vm.vendor" value="Oracle Corporation"/>
    <property name="sun.arch.data.model" value="64"/>
    <property name="user.variant" value=""/>
    <property name="java.vendor.url" value="http://java.oracle.com/"/>
    <property name="user.timezone" value="Asia/Shanghai"/>
    <property name="java.vm.specification.version" value="1.8"/>
    <property name="os.name" value="Windows 10"/>
    <property name="maven.wagon.http.ssl.allowall" value="true"/>
    <property name="user.country" value="CN"/>
    <property name="sun.java.launcher" value="SUN_STANDARD"/>
    <property name="sun.boot.library.path" value="E:\Java\JDK8_191\jdk1.8.0_191\jre\bin"/>
    <property name="sun.java.command" value="C:\Users\Lenovo\AppData\Local\Temp\surefire5130114680946218869\surefirebooter3485763471861878021.jar C:\Users\Lenovo\AppData\Local\Temp\surefire5130114680946218869 2020-05-22T21-49-24_522-jvmRun1 surefire6729041070172332429tmp surefire_05318623164066766953tmp"/>
    <property name="surefire.test.class.path" value="E:\WEB\学习视频\java-miaosha\target\test-classes;E:\WEB\学习视频\java-miaosha\target\classes;E:\WEB\meavn\repository\org\springframework\boot\spring-boot-starter-web\1.5.8.RELEASE\spring-boot-starter-web-1.5.8.RELEASE.jar;E:\WEB\meavn\repository\org\springframework\boot\spring-boot-starter\1.5.8.RELEASE\spring-boot-starter-1.5.8.RELEASE.jar;E:\WEB\meavn\repository\org\springframework\boot\spring-boot\1.5.8.RELEASE\spring-boot-1.5.8.RELEASE.jar;E:\WEB\meavn\repository\org\springframework\boot\spring-boot-autoconfigure\1.5.8.RELEASE\spring-boot-autoconfigure-1.5.8.RELEASE.jar;E:\WEB\meavn\repository\org\springframework\boot\spring-boot-starter-logging\1.5.8.RELEASE\spring-boot-starter-logging-1.5.8.RELEASE.jar;E:\WEB\meavn\repository\ch\qos\logback\logback-classic\1.1.11\logback-classic-1.1.11.jar;E:\WEB\meavn\repository\ch\qos\logback\logback-core\1.1.11\logback-core-1.1.11.jar;E:\WEB\meavn\repository\org\slf4j\jcl-over-slf4j\1.7.25\jcl-over-slf4j-1.7.25.jar;E:\WEB\meavn\repository\org\slf4j\jul-to-slf4j\1.7.25\jul-to-slf4j-1.7.25.jar;E:\WEB\meavn\repository\org\slf4j\log4j-over-slf4j\1.7.25\log4j-over-slf4j-1.7.25.jar;E:\WEB\meavn\repository\org\springframework\spring-core\4.3.12.RELEASE\spring-core-4.3.12.RELEASE.jar;E:\WEB\meavn\repository\org\yaml\snakeyaml\1.17\snakeyaml-1.17.jar;E:\WEB\meavn\repository\org\springframework\boot\spring-boot-starter-tomcat\1.5.8.RELEASE\spring-boot-starter-tomcat-1.5.8.RELEASE.jar;E:\WEB\meavn\repository\org\apache\tomcat\embed\tomcat-embed-core\8.5.23\tomcat-embed-core-8.5.23.jar;E:\WEB\meavn\repository\org\apache\tomcat\tomcat-annotations-api\8.5.23\tomcat-annotations-api-8.5.23.jar;E:\WEB\meavn\repository\org\apache\tomcat\embed\tomcat-embed-websocket\8.5.23\tomcat-embed-websocket-8.5.23.jar;E:\WEB\meavn\repository\org\hibernate\hibernate-validator\5.3.5.Final\hibernate-validator-5.3.5.Final.jar;E:\WEB\meavn\repository\javax\validation\validation-api\1.1.0.Final\validation-api-1.1.0.Final.jar;E:\WEB\meavn\repository\org\jboss\logging\jboss-logging\3.3.1.Final\jboss-logging-3.3.1.Final.jar;E:\WEB\meavn\repository\com\fasterxml\classmate\1.3.4\classmate-1.3.4.jar;E:\WEB\meavn\repository\com\fasterxml\jackson\core\jackson-databind\2.8.10\jackson-databind-2.8.10.jar;E:\WEB\meavn\repository\com\fasterxml\jackson\core\jackson-annotations\2.8.0\jackson-annotations-2.8.0.jar;E:\WEB\meavn\repository\com\fasterxml\jackson\core\jackson-core\2.8.10\jackson-core-2.8.10.jar;E:\WEB\meavn\repository\org\springframework\spring-web\4.3.12.RELEASE\spring-web-4.3.12.RELEASE.jar;E:\WEB\meavn\repository\org\springframework\spring-aop\4.3.12.RELEASE\spring-aop-4.3.12.RELEASE.jar;E:\WEB\meavn\repository\org\springframework\spring-beans\4.3.12.RELEASE\spring-beans-4.3.12.RELEASE.jar;E:\WEB\meavn\repository\org\springframework\spring-context\4.3.12.RELEASE\spring-context-4.3.12.RELEASE.jar;E:\WEB\meavn\repository\org\springframework\spring-webmvc\4.3.12.RELEASE\spring-webmvc-4.3.12.RELEASE.jar;E:\WEB\meavn\repository\org\springframework\spring-expression\4.3.12.RELEASE\spring-expression-4.3.12.RELEASE.jar;E:\WEB\meavn\repository\org\springframework\boot\spring-boot-starter-thymeleaf\1.5.8.RELEASE\spring-boot-starter-thymeleaf-1.5.8.RELEASE.jar;E:\WEB\meavn\repository\org\thymeleaf\thymeleaf-spring4\2.1.5.RELEASE\thymeleaf-spring4-2.1.5.RELEASE.jar;E:\WEB\meavn\repository\org\thymeleaf\thymeleaf\2.1.5.RELEASE\thymeleaf-2.1.5.RELEASE.jar;E:\WEB\meavn\repository\ognl\ognl\3.0.8\ognl-3.0.8.jar;E:\WEB\meavn\repository\org\javassist\javassist\3.21.0-GA\javassist-3.21.0-GA.jar;E:\WEB\meavn\repository\org\unbescape\unbescape\1.1.0.RELEASE\unbescape-1.1.0.RELEASE.jar;E:\WEB\meavn\repository\org\slf4j\slf4j-api\1.7.25\slf4j-api-1.7.25.jar;E:\WEB\meavn\repository\nz\net\ultraq\thymeleaf\thymeleaf-layout-dialect\1.4.0\thymeleaf-layout-dialect-1.4.0.jar;E:\WEB\meavn\repository\org\codehaus\groovy\groovy\2.4.12\groovy-2.4.12.jar;E:\WEB\meavn\repository\org\mybatis\spring\boot\mybatis-spring-boot-starter\1.3.1\mybatis-spring-boot-starter-1.3.1.jar;E:\WEB\meavn\repository\org\springframework\boot\spring-boot-starter-jdbc\1.5.8.RELEASE\spring-boot-starter-jdbc-1.5.8.RELEASE.jar;E:\WEB\meavn\repository\org\apache\tomcat\tomcat-jdbc\8.5.23\tomcat-jdbc-8.5.23.jar;E:\WEB\meavn\repository\org\apache\tomcat\tomcat-juli\8.5.23\tomcat-juli-8.5.23.jar;E:\WEB\meavn\repository\org\springframework\spring-jdbc\4.3.12.RELEASE\spring-jdbc-4.3.12.RELEASE.jar;E:\WEB\meavn\repository\org\springframework\spring-tx\4.3.12.RELEASE\spring-tx-4.3.12.RELEASE.jar;E:\WEB\meavn\repository\org\mybatis\spring\boot\mybatis-spring-boot-autoconfigure\1.3.1\mybatis-spring-boot-autoconfigure-1.3.1.jar;E:\WEB\meavn\repository\org\mybatis\mybatis\3.4.5\mybatis-3.4.5.jar;E:\WEB\meavn\repository\org\mybatis\mybatis-spring\1.3.1\mybatis-spring-1.3.1.jar;E:\WEB\meavn\repository\mysql\mysql-connector-java\5.1.44\mysql-connector-java-5.1.44.jar;E:\WEB\meavn\repository\com\alibaba\druid\1.0.5\druid-1.0.5.jar;E:\WEB\meavn\repository\redis\clients\jedis\2.9.0\jedis-2.9.0.jar;E:\WEB\meavn\repository\org\apache\commons\commons-pool2\2.4.2\commons-pool2-2.4.2.jar;E:\WEB\meavn\repository\com\alibaba\fastjson\1.2.38\fastjson-1.2.38.jar;E:\WEB\meavn\repository\commons-codec\commons-codec\1.10\commons-codec-1.10.jar;E:\WEB\meavn\repository\org\apache\commons\commons-lang3\3.6\commons-lang3-3.6.jar;E:\WEB\meavn\repository\org\springframework\boot\spring-boot-starter-validation\1.5.8.RELEASE\spring-boot-starter-validation-1.5.8.RELEASE.jar;E:\WEB\meavn\repository\org\apache\tomcat\embed\tomcat-embed-el\8.5.23\tomcat-embed-el-8.5.23.jar;E:\WEB\meavn\repository\junit\junit\4.11\junit-4.11.jar;E:\WEB\meavn\repository\org\hamcrest\hamcrest-core\1.3\hamcrest-core-1.3.jar;E:\WEB\meavn\repository\org\projectlombok\lombok\1.18.8\lombok-1.18.8.jar;"/>
    <property name="sun.cpu.endian" value="little"/>
    <property name="maven.wagon.http.ssl.insecure" value="true"/>
    <property name="user.home" value="C:\Users\Lenovo"/>
    <property name="user.language" value="zh"/>
    <property name="java.specification.vendor" value="Oracle Corporation"/>
    <property name="java.home" value="E:\Java\JDK8_191\jdk1.8.0_191\jre"/>
    <property name="basedir" value="E:\WEB\学习视频\java-miaosha"/>
    <property name="file.separator" value="\"/>
    <property name="line.separator" value="&#10;"/>
    <property name="java.vm.specification.vendor" value="Oracle Corporation"/>
    <property name="java.specification.name" value="Java Platform API Specification"/>
    <property name="java.awt.graphicsenv" value="sun.awt.Win32GraphicsEnvironment"/>
    <property name="surefire.real.class.path" value="C:\Users\Lenovo\AppData\Local\Temp\surefire5130114680946218869\surefirebooter3485763471861878021.jar"/>
    <property name="sun.boot.class.path" value="E:\Java\JDK8_191\jdk1.8.0_191\jre\lib\resources.jar;E:\Java\JDK8_191\jdk1.8.0_191\jre\lib\rt.jar;E:\Java\JDK8_191\jdk1.8.0_191\jre\lib\sunrsasign.jar;E:\Java\JDK8_191\jdk1.8.0_191\jre\lib\jsse.jar;E:\Java\JDK8_191\jdk1.8.0_191\jre\lib\jce.jar;E:\Java\JDK8_191\jdk1.8.0_191\jre\lib\charsets.jar;E:\Java\JDK8_191\jdk1.8.0_191\jre\lib\jfr.jar;E:\Java\JDK8_191\jdk1.8.0_191\jre\classes"/>
    <property name="user.script" value=""/>
    <property name="sun.management.compiler" value="HotSpot 64-Bit Tiered Compilers"/>
    <property name="java.runtime.version" value="1.8.0_191-b12"/>
    <property name="user.name" value="Lenovo"/>
    <property name="path.separator" value=";"/>
    <property name="os.version" value="10.0"/>
    <property name="java.endorsed.dirs" value="E:\Java\JDK8_191\jdk1.8.0_191\jre\lib\endorsed"/>
    <property name="java.runtime.name" value="Java(TM) SE Runtime Environment"/>
    <property name="file.encoding" value="GBK"/>
    <property name="java.vm.name" value="Java HotSpot(TM) 64-Bit Server VM"/>
    <property name="localRepository" value="E:\WEB\meavn\repository"/>
    <property name="java.vendor.url.bug" value="http://bugreport.sun.com/bugreport/"/>
    <property name="java.io.tmpdir" value="C:\Users\Lenovo\AppData\Local\Temp\"/>
    <property name="idea.version" value="2018.2.4"/>
    <property name="java.version" value="1.8.0_191"/>
    <property name="user.dir" value="E:\WEB\学习视频\java-miaosha"/>
    <property name="os.arch" value="amd64"/>
    <property name="java.vm.specification.name" value="Java Virtual Machine Specification"/>
    <property name="java.awt.printerjob" value="sun.awt.windows.WPrinterJob"/>
    <property name="sun.os.patch.level" value=""/>
    <property name="java.library.path" value="E:\Java\JDK8_191\jdk1.8.0_191\jre\bin;C:\WINDOWS\Sun\Java\bin;C:\WINDOWS\system32;C:\WINDOWS;E:\WEB\Oracle\product\11.2.0\dbhome_1\bin;C:\Program Files (x86)\Common Files\Oracle\Java\javapath;E:\WEB\Xshell\intall\;E:\Dailysoftware\pycharm\python-3.7.3-amd64\Scripts\;E:\Dailysoftware\pycharm\python-3.7.3-amd64\;E:\Java\JDK8_191\jdk1.8.0_191\bin;C:\Program Files (x86)\Common Files\Intel\Shared Libraries\redist\intel64\compiler;C:\Windows\system32;C:\Windows;C:\Windows\System32\Wbem;C:\Windows\System32\WindowsPowerShell\v1.0\;C:\Program Files (x86)\NVIDIA Corporation\PhysX\Common;C:\Program Files\Common Files\Autodesk Shared\;C:\Program Files\Microsoft SQL Server\110\Tools\Binn\;C:\WINDOWS\system32;C:\WINDOWS;C:\WINDOWS\System32\Wbem;C:\WINDOWS\System32\WindowsPowerShell\v1.0\;C:\Program Files (x86)\GtkSharp\2.12\bin;C:\Program Files (x86)\Windows Kits\8.1\Windows Performance Toolkit\;C:\WINDOWS\System32\OpenSSH\;C:\Program Files (x86)\MySQL\MySQL Server 5.6\bin;E:\WEB\SVN\install\bin;E:\WEB\Git\install\Git\cmd;E:\WEB\NodeJs\;E:\WEB\meavn\apache-maven-3.5.2\bin;C:\Users\Lenovo\AppData\Local\Microsoft\WindowsApps;E:\部分软件\压缩软件\;C:\Users\Lenovo\AppData\Roaming\npm;C:\Users\Lenovo\AppData\Local\BypassRuntm;E:\Dailysoftware\VSCode\install\Microsoft VS Code\bin;."/>
    <property name="java.vm.info" value="mixed mode"/>
    <property name="java.vendor" value="Oracle Corporation"/>
    <property name="java.vm.version" value="25.191-b12"/>
    <property name="java.ext.dirs" value="E:\Java\JDK8_191\jdk1.8.0_191\jre\lib\ext;C:\WINDOWS\Sun\Java\lib\ext"/>
    <property name="sun.io.unicode.encoding" value="UnicodeLittle"/>
    <property name="java.class.version" value="52.0"/>
  </properties>
  <testcase name="shouldAnswerWithTrue" classname="com.chl.AppTest" time="0.001"/>
</testsuite>